Info: Starting: Create block symbol file (.bsf)
Info: qsys-generate "D:\krish\Documents\UBC year 4\CPEN 311\lab_4\lab-4-lab4-l1c-60\task2\dnn_accel_system.qsys" --block-symbol-file --output-directory="D:\krish\Documents\UBC year 4\CPEN 311\lab_4\lab-4-lab4-l1c-60\task2\dnn_accel_system" --family="Cyclone V" --part=5CSEMA5F31C6
Progress: Loading task2/dnn_accel_system.qsys
Progress: Reading input file
Progress: Adding clk_0 [clock_source 18.1]
Progress: Parameterizing module clk_0
Progress: Adding hex [altera_avalon_pio 18.1]
Progress: Parameterizing module hex
Progress: Adding jtag_uart_0 [altera_avalon_jtag_uart 18.1]
Progress: Parameterizing module jtag_uart_0
Progress: Adding new_sdram_controller_0 [altera_avalon_new_sdram_controller 18.1]
Progress: Parameterizing module new_sdram_controller_0
Progress: Adding nios2_gen2_0 [altera_nios2_gen2 18.1]
Progress: Parameterizing module nios2_gen2_0
Progress: Adding onchip_memory2_0 [altera_avalon_onchip_memory2 18.1]
Progress: Parameterizing module onchip_memory2_0
Progress: Adding pll_0 [altera_pll 18.1]
Progress: Parameterizing module pll_0
Progress: Building connections
Progress: Parameterizing connections
Progress: Validating
Progress: Done reading input file
Info: dnn_accel_system.jtag_uart_0: JTAG UART IP input clock need to be at least double (2x) the operating frequency of JTAG TCK on board
Info: dnn_accel_system.new_sdram_controller_0: SDRAM Controller will only be supported in Quartus Prime Standard Edition in the future release.
Info: dnn_accel_system.pll_0: The legal reference clock frequency is 5.0 MHz..800.0 MHz
Info: dnn_accel_system.pll_0: Able to implement PLL with user settings
Info: qsys-generate succeeded.
Info: Finished: Create block symbol file (.bsf)
Info: 
Info: Starting: Create HDL design files for synthesis
Info: qsys-generate "D:\krish\Documents\UBC year 4\CPEN 311\lab_4\lab-4-lab4-l1c-60\task2\dnn_accel_system.qsys" --synthesis=VERILOG --output-directory="D:\krish\Documents\UBC year 4\CPEN 311\lab_4\lab-4-lab4-l1c-60\task2\dnn_accel_system\synthesis" --family="Cyclone V" --part=5CSEMA5F31C6
Progress: Loading task2/dnn_accel_system.qsys
Progress: Reading input file
Progress: Adding clk_0 [clock_source 18.1]
Progress: Parameterizing module clk_0
Progress: Adding hex [altera_avalon_pio 18.1]
Progress: Parameterizing module hex
Progress: Adding jtag_uart_0 [altera_avalon_jtag_uart 18.1]
Progress: Parameterizing module jtag_uart_0
Progress: Adding new_sdram_controller_0 [altera_avalon_new_sdram_controller 18.1]
Progress: Parameterizing module new_sdram_controller_0
Progress: Adding nios2_gen2_0 [altera_nios2_gen2 18.1]
Progress: Parameterizing module nios2_gen2_0
Progress: Adding onchip_memory2_0 [altera_avalon_onchip_memory2 18.1]
Progress: Parameterizing module onchip_memory2_0
Progress: Adding pll_0 [altera_pll 18.1]
Progress: Parameterizing module pll_0
Progress: Building connections
Progress: Parameterizing connections
Progress: Validating
Progress: Done reading input file
Info: dnn_accel_system.jtag_uart_0: JTAG UART IP input clock need to be at least double (2x) the operating frequency of JTAG TCK on board
Info: dnn_accel_system.new_sdram_controller_0: SDRAM Controller will only be supported in Quartus Prime Standard Edition in the future release.
Info: dnn_accel_system.pll_0: The legal reference clock frequency is 5.0 MHz..800.0 MHz
Info: dnn_accel_system.pll_0: Able to implement PLL with user settings
Info: dnn_accel_system: Generating dnn_accel_system "dnn_accel_system" for QUARTUS_SYNTH
Info: hex: Starting RTL generation for module 'dnn_accel_system_hex'
Info: hex:   Generation command is [exec C:/intelfpga_lite/18.1/quartus/bin64/perl/bin/perl.exe -I C:/intelfpga_lite/18.1/quartus/bin64/perl/lib -I C:/intelfpga_lite/18.1/quartus/sopc_builder/bin/europa -I C:/intelfpga_lite/18.1/quartus/sopc_builder/bin/perl_lib -I C:/intelfpga_lite/18.1/quartus/sopc_builder/bin -I C:/intelfpga_lite/18.1/quartus/../ip/altera/sopc_builder_ip/common -I C:/intelfpga_lite/18.1/quartus/../ip/altera/sopc_builder_ip/altera_avalon_pio -- C:/intelfpga_lite/18.1/quartus/../ip/altera/sopc_builder_ip/altera_avalon_pio/generate_rtl.pl --name=dnn_accel_system_hex --dir=C:/Users/krish/AppData/Local/Temp/alt0049_7869509335610730862.dir/0002_hex_gen/ --quartus_dir=C:/intelfpga_lite/18.1/quartus --verilog --config=C:/Users/krish/AppData/Local/Temp/alt0049_7869509335610730862.dir/0002_hex_gen//dnn_accel_system_hex_component_configuration.pl  --do_build_sim=0  ]
Info: hex: Done RTL generation for module 'dnn_accel_system_hex'
Info: hex: "dnn_accel_system" instantiated altera_avalon_pio "hex"
Info: jtag_uart_0: Starting RTL generation for module 'dnn_accel_system_jtag_uart_0'
Info: jtag_uart_0:   Generation command is [exec C:/intelfpga_lite/18.1/quartus/bin64/perl/bin/perl.exe -I C:/intelfpga_lite/18.1/quartus/bin64/perl/lib -I C:/intelfpga_lite/18.1/quartus/sopc_builder/bin/europa -I C:/intelfpga_lite/18.1/quartus/sopc_builder/bin/perl_lib -I C:/intelfpga_lite/18.1/quartus/sopc_builder/bin -I C:/intelfpga_lite/18.1/quartus/../ip/altera/sopc_builder_ip/common -I C:/intelfpga_lite/18.1/quartus/../ip/altera/sopc_builder_ip/altera_avalon_jtag_uart -- C:/intelfpga_lite/18.1/quartus/../ip/altera/sopc_builder_ip/altera_avalon_jtag_uart/generate_rtl.pl --name=dnn_accel_system_jtag_uart_0 --dir=C:/Users/krish/AppData/Local/Temp/alt0049_7869509335610730862.dir/0003_jtag_uart_0_gen/ --quartus_dir=C:/intelfpga_lite/18.1/quartus --verilog --config=C:/Users/krish/AppData/Local/Temp/alt0049_7869509335610730862.dir/0003_jtag_uart_0_gen//dnn_accel_system_jtag_uart_0_component_configuration.pl  --do_build_sim=0  ]
Info: jtag_uart_0: Done RTL generation for module 'dnn_accel_system_jtag_uart_0'
Info: jtag_uart_0: "dnn_accel_system" instantiated altera_avalon_jtag_uart "jtag_uart_0"
Info: new_sdram_controller_0: Starting RTL generation for module 'dnn_accel_system_new_sdram_controller_0'
Info: new_sdram_controller_0:   Generation command is [exec C:/intelfpga_lite/18.1/quartus/bin64/perl/bin/perl.exe -I C:/intelfpga_lite/18.1/quartus/bin64/perl/lib -I C:/intelfpga_lite/18.1/quartus/sopc_builder/bin/europa -I C:/intelfpga_lite/18.1/quartus/sopc_builder/bin/perl_lib -I C:/intelfpga_lite/18.1/quartus/sopc_builder/bin -I C:/intelfpga_lite/18.1/quartus/../ip/altera/sopc_builder_ip/common -I C:/intelfpga_lite/18.1/quartus/../ip/altera/sopc_builder_ip/altera_avalon_new_sdram_controller -- C:/intelfpga_lite/18.1/quartus/../ip/altera/sopc_builder_ip/altera_avalon_new_sdram_controller/generate_rtl.pl --name=dnn_accel_system_new_sdram_controller_0 --dir=C:/Users/krish/AppData/Local/Temp/alt0049_7869509335610730862.dir/0004_new_sdram_controller_0_gen/ --quartus_dir=C:/intelfpga_lite/18.1/quartus --verilog --config=C:/Users/krish/AppData/Local/Temp/alt0049_7869509335610730862.dir/0004_new_sdram_controller_0_gen//dnn_accel_system_new_sdram_controller_0_component_configuration.pl  --do_build_sim=0  ]
Info: new_sdram_controller_0: Done RTL generation for module 'dnn_accel_system_new_sdram_controller_0'
Info: new_sdram_controller_0: "dnn_accel_system" instantiated altera_avalon_new_sdram_controller "new_sdram_controller_0"
Info: nios2_gen2_0: "dnn_accel_system" instantiated altera_nios2_gen2 "nios2_gen2_0"
Info: onchip_memory2_0: Starting RTL generation for module 'dnn_accel_system_onchip_memory2_0'
Info: onchip_memory2_0:   Generation command is [exec C:/intelfpga_lite/18.1/quartus/bin64/perl/bin/perl.exe -I C:/intelfpga_lite/18.1/quartus/bin64/perl/lib -I C:/intelfpga_lite/18.1/quartus/sopc_builder/bin/europa -I C:/intelfpga_lite/18.1/quartus/sopc_builder/bin/perl_lib -I C:/intelfpga_lite/18.1/quartus/sopc_builder/bin -I C:/intelfpga_lite/18.1/quartus/../ip/altera/sopc_builder_ip/common -I C:/intelfpga_lite/18.1/quartus/../ip/altera/sopc_builder_ip/altera_avalon_onchip_memory2 -- C:/intelfpga_lite/18.1/quartus/../ip/altera/sopc_builder_ip/altera_avalon_onchip_memory2/generate_rtl.pl --name=dnn_accel_system_onchip_memory2_0 --dir=C:/Users/krish/AppData/Local/Temp/alt0049_7869509335610730862.dir/0005_onchip_memory2_0_gen/ --quartus_dir=C:/intelfpga_lite/18.1/quartus --verilog --config=C:/Users/krish/AppData/Local/Temp/alt0049_7869509335610730862.dir/0005_onchip_memory2_0_gen//dnn_accel_system_onchip_memory2_0_component_configuration.pl  --do_build_sim=0  ]
Info: onchip_memory2_0: Done RTL generation for module 'dnn_accel_system_onchip_memory2_0'
Info: onchip_memory2_0: "dnn_accel_system" instantiated altera_avalon_onchip_memory2 "onchip_memory2_0"
Info: pll_0: "dnn_accel_system" instantiated altera_pll "pll_0"
Info: avalon_st_adapter: Inserting error_adapter: error_adapter_0
Info: avalon_st_adapter_001: Inserting error_adapter: error_adapter_0
Info: avalon_st_adapter_002: Inserting error_adapter: error_adapter_0
Info: avalon_st_adapter_003: Inserting error_adapter: error_adapter_0
Info: avalon_st_adapter_004: Inserting error_adapter: error_adapter_0
Info: mm_interconnect_0: "dnn_accel_system" instantiated altera_mm_interconnect "mm_interconnect_0"
Info: irq_mapper: "dnn_accel_system" instantiated altera_irq_mapper "irq_mapper"
Info: rst_controller: "dnn_accel_system" instantiated altera_reset_controller "rst_controller"
Info: cpu: Starting RTL generation for module 'dnn_accel_system_nios2_gen2_0_cpu'
Info: cpu:   Generation command is [exec C:/intelFPGA_lite/18.1/quartus/bin64//eperlcmd.exe -I C:/intelFPGA_lite/18.1/quartus/bin64//perl/lib -I C:/intelfpga_lite/18.1/quartus/sopc_builder/bin/europa -I C:/intelfpga_lite/18.1/quartus/sopc_builder/bin/perl_lib -I C:/intelfpga_lite/18.1/quartus/sopc_builder/bin -I C:/intelfpga_lite/18.1/quartus/../ip/altera/nios2_ip/altera_nios2_gen2/cpu_lib -I C:/intelfpga_lite/18.1/quartus/../ip/altera/nios2_ip/altera_nios2_gen2/nios_lib -I C:/intelfpga_lite/18.1/quartus/../ip/altera/nios2_ip/altera_nios2_gen2 -I C:/intelfpga_lite/18.1/quartus/../ip/altera/nios2_ip/altera_nios2_gen2 -- C:/intelfpga_lite/18.1/quartus/../ip/altera/nios2_ip/altera_nios2_gen2/generate_rtl.epl --name=dnn_accel_system_nios2_gen2_0_cpu --dir=C:/Users/krish/AppData/Local/Temp/alt0049_7869509335610730862.dir/0009_cpu_gen/ --quartus_bindir=C:/intelFPGA_lite/18.1/quartus/bin64/ --verilog --config=C:/Users/krish/AppData/Local/Temp/alt0049_7869509335610730862.dir/0009_cpu_gen//dnn_accel_system_nios2_gen2_0_cpu_processor_configuration.pl  --do_build_sim=0  ]
Info: cpu: # 2024.11.21 21:42:53 (*) Starting Nios II generation
Info: cpu: # 2024.11.21 21:42:53 (*)   Checking for plaintext license.
Info: cpu: # 2024.11.21 21:42:53 (*)   Couldn't query license setup in Quartus directory C:/intelFPGA_lite/18.1/quartus/bin64/
Info: cpu: # 2024.11.21 21:42:53 (*)   Defaulting to contents of LM_LICENSE_FILE environment variable
Info: cpu: # 2024.11.21 21:42:53 (*)   LM_LICENSE_FILE environment variable is empty
Info: cpu: # 2024.11.21 21:42:53 (*)   Plaintext license not found.
Info: cpu: # 2024.11.21 21:42:53 (*)   No license required to generate encrypted Nios II/e.
Info: cpu: # 2024.11.21 21:42:53 (*)   Elaborating CPU configuration settings
Info: cpu: # 2024.11.21 21:42:53 (*)   Creating all objects for CPU
Info: cpu: # 2024.11.21 21:42:54 (*)   Generating RTL from CPU objects
Info: cpu: # 2024.11.21 21:42:54 (*)   Creating plain-text RTL
Info: cpu: # 2024.11.21 21:42:55 (*) Done Nios II generation
Info: cpu: Done RTL generation for module 'dnn_accel_system_nios2_gen2_0_cpu'
Info: cpu: "nios2_gen2_0" instantiated altera_nios2_gen2_unit "cpu"
Info: nios2_gen2_0_data_master_translator: "mm_interconnect_0" instantiated altera_merlin_master_translator "nios2_gen2_0_data_master_translator"
Info: jtag_uart_0_avalon_jtag_slave_translator: "mm_interconnect_0" instantiated altera_merlin_slave_translator "jtag_uart_0_avalon_jtag_slave_translator"
Info: nios2_gen2_0_data_master_agent: "mm_interconnect_0" instantiated altera_merlin_master_agent "nios2_gen2_0_data_master_agent"
Info: jtag_uart_0_avalon_jtag_slave_agent: "mm_interconnect_0" instantiated altera_merlin_slave_agent "jtag_uart_0_avalon_jtag_slave_agent"
Info: jtag_uart_0_avalon_jtag_slave_agent_rsp_fifo: "mm_interconnect_0" instantiated altera_avalon_sc_fifo "jtag_uart_0_avalon_jtag_slave_agent_rsp_fifo"
Info: router: "mm_interconnect_0" instantiated altera_merlin_router "router"
Info: router_001: "mm_interconnect_0" instantiated altera_merlin_router "router_001"
Info: router_002: "mm_interconnect_0" instantiated altera_merlin_router "router_002"
Info: router_003: "mm_interconnect_0" instantiated altera_merlin_router "router_003"
Info: router_006: "mm_interconnect_0" instantiated altera_merlin_router "router_006"
Info: new_sdram_controller_0_s1_burst_adapter: "mm_interconnect_0" instantiated altera_merlin_burst_adapter "new_sdram_controller_0_s1_burst_adapter"
Info: cmd_demux: "mm_interconnect_0" instantiated altera_merlin_demultiplexer "cmd_demux"
Info: cmd_demux_001: "mm_interconnect_0" instantiated altera_merlin_demultiplexer "cmd_demux_001"
Info: cmd_mux: "mm_interconnect_0" instantiated altera_merlin_multiplexer "cmd_mux"
Info: cmd_mux_001: "mm_interconnect_0" instantiated altera_merlin_multiplexer "cmd_mux_001"
Info: Reusing file D:/krish/Documents/UBC year 4/CPEN 311/lab_4/lab-4-lab4-l1c-60/task2/dnn_accel_system/synthesis/submodules/altera_merlin_arbitrator.sv
Info: rsp_demux: "mm_interconnect_0" instantiated altera_merlin_demultiplexer "rsp_demux"
Info: rsp_mux: "mm_interconnect_0" instantiated altera_merlin_multiplexer "rsp_mux"
Info: Reusing file D:/krish/Documents/UBC year 4/CPEN 311/lab_4/lab-4-lab4-l1c-60/task2/dnn_accel_system/synthesis/submodules/altera_merlin_arbitrator.sv
Info: rsp_mux_001: "mm_interconnect_0" instantiated altera_merlin_multiplexer "rsp_mux_001"
Info: Reusing file D:/krish/Documents/UBC year 4/CPEN 311/lab_4/lab-4-lab4-l1c-60/task2/dnn_accel_system/synthesis/submodules/altera_merlin_arbitrator.sv
Info: new_sdram_controller_0_s1_rsp_width_adapter: "mm_interconnect_0" instantiated altera_merlin_width_adapter "new_sdram_controller_0_s1_rsp_width_adapter"
Info: Reusing file D:/krish/Documents/UBC year 4/CPEN 311/lab_4/lab-4-lab4-l1c-60/task2/dnn_accel_system/synthesis/submodules/altera_merlin_address_alignment.sv
Info: Reusing file D:/krish/Documents/UBC year 4/CPEN 311/lab_4/lab-4-lab4-l1c-60/task2/dnn_accel_system/synthesis/submodules/altera_merlin_burst_uncompressor.sv
Info: avalon_st_adapter: "mm_interconnect_0" instantiated altera_avalon_st_adapter "avalon_st_adapter"
Info: avalon_st_adapter_004: "mm_interconnect_0" instantiated altera_avalon_st_adapter "avalon_st_adapter_004"
Info: error_adapter_0: "avalon_st_adapter" instantiated error_adapter "error_adapter_0"
Info: error_adapter_0: "avalon_st_adapter_004" instantiated error_adapter "error_adapter_0"
Info: dnn_accel_system: Done "dnn_accel_system" with 34 modules, 57 files
Info: qsys-generate succeeded.
Info: Finished: Create HDL design files for synthesis
