Assembler report for task1
Fri Nov 15 17:35:17 2024
Quartus Prime Version 18.1.0 Build 625 09/12/2018 SJ Lite Edition


---------------------
; Table of Contents ;
---------------------
  1. Legal Notice
  2. Assembler Summary
  3. Assembler Settings
  4. Assembler Encrypted IP Cores Summary
  5. Assembler Generated Files
  6. Assembler Device Options: D:/krish/Documents/UBC year 4/CPEN 311/lab_4/lab-4-lab4-l1c-60/task1/output_files/task1.sof
  7. Assembler Messages



----------------
; Legal Notice ;
----------------
Copyright (C) 2018  Intel Corporation. All rights reserved.
Your use of Intel Corporation's design tools, logic functions 
and other software and tools, and its AMPP partner logic 
functions, and any output files from any of the foregoing 
(including device programming or simulation files), and any 
associated documentation or information are expressly subject 
to the terms and conditions of the Intel Program License 
Subscription Agreement, the Intel Quartus Prime License Agreement,
the Intel FPGA IP License Agreement, or other applicable license
agreement, including, without limitation, that your use is for
the sole purpose of programming logic devices manufactured by
Intel and sold by Intel or its authorized distributors.  Please
refer to the applicable agreement for further details.



+---------------------------------------------------------------+
; Assembler Summary                                             ;
+-----------------------+---------------------------------------+
; Assembler Status      ; Successful - Fri Nov 15 17:35:17 2024 ;
; Revision Name         ; task1                                 ;
; Top-level Entity Name ; task1                                 ;
; Family                ; Cyclone V                             ;
; Device                ; 5CSEMA5F31C6                          ;
+-----------------------+---------------------------------------+


+----------------------------------+
; Assembler Settings               ;
+--------+---------+---------------+
; Option ; Setting ; Default Value ;
+--------+---------+---------------+


+------------------------------------------------+
; Assembler Encrypted IP Cores Summary           ;
+--------+------------------------+--------------+
; Vendor ; IP Core Name           ; License Type ;
+--------+------------------------+--------------+
; Altera ; Signal Tap (6AF7 BCE1) ; Licensed     ;
; Altera ; Signal Tap (6AF7 BCEC) ; Licensed     ;
+--------+------------------------+--------------+


+---------------------------------------------------------------------------------------------+
; Assembler Generated Files                                                                   ;
+---------------------------------------------------------------------------------------------+
; File Name                                                                                   ;
+---------------------------------------------------------------------------------------------+
; D:/krish/Documents/UBC year 4/CPEN 311/lab_4/lab-4-lab4-l1c-60/task1/output_files/task1.sof ;
+---------------------------------------------------------------------------------------------+


+-----------------------------------------------------------------------------------------------------------------------+
; Assembler Device Options: D:/krish/Documents/UBC year 4/CPEN 311/lab_4/lab-4-lab4-l1c-60/task1/output_files/task1.sof ;
+----------------+------------------------------------------------------------------------------------------------------+
; Option         ; Setting                                                                                              ;
+----------------+------------------------------------------------------------------------------------------------------+
; JTAG usercode  ; 0x00F28D24                                                                                           ;
; Checksum       ; 0x00F28D24                                                                                           ;
+----------------+------------------------------------------------------------------------------------------------------+


+--------------------+
; Assembler Messages ;
+--------------------+
Info: *******************************************************************
Info: Running Quartus Prime Assembler
    Info: Version 18.1.0 Build 625 09/12/2018 SJ Lite Edition
    Info: Processing started: Fri Nov 15 17:35:10 2024
Info: Command: quartus_asm --read_settings_files=off --write_settings_files=off task1 -c task1
Warning (18236): Number of processors has not been specified which may cause overloading on shared machines.  Set the global assignment NUM_PARALLEL_PROCESSORS in your QSF to an appropriate value for best performance.
Info (115030): Assembler is generating device programming files
Info: Quartus Prime Assembler was successful. 0 errors, 1 warning
    Info: Peak virtual memory: 4852 megabytes
    Info: Processing ended: Fri Nov 15 17:35:17 2024
    Info: Elapsed time: 00:00:07
    Info: Total CPU time (on all processors): 00:00:07


